<?xml version="1.0" encoding="UTF-8"?>
<testng-results skipped="0" failed="0" ignored="0" total="1" passed="1">
  <reporter-output>
    <line>
      <![CDATA[sucessful]]>
    </line>
  </reporter-output>
  <suite name="Default suite" duration-ms="404" started-at="2021-09-10T20:11:04 IST" finished-at="2021-09-10T20:11:04 IST">
    <groups>
    </groups>
    <test name="Default test" duration-ms="404" started-at="2021-09-10T20:11:04 IST" finished-at="2021-09-10T20:11:04 IST">
      <class name="com.jenkinstest.jenkintest">
        <test-method status="PASS" signature="jenkitest()[pri:0, instance:com.jenkinstest.jenkintest@150c158]" name="jenkitest" duration-ms="84" started-at="2021-09-10T20:11:04 IST" finished-at="2021-09-10T20:11:04 IST">
          <reporter-output>
            <line>
              <![CDATA[sucessful]]>
            </line>
          </reporter-output>
        </test-method> <!-- jenkitest -->
      </class> <!-- com.jenkinstest.jenkintest -->
    </test> <!-- Default test -->
  </suite> <!-- Default suite -->
</testng-results>
